<?xml version="1.0" encoding="UTF-8"?>
<testsuites>
  <testsuite name="/home/nckrtl/projects/orbit-dev/packages/core/phpunit.xml.dist" tests="63" assertions="121" errors="0" failures="7" skipped="0" time="2.131685">
    <testsuite name="Hard Impact Test Suite" tests="63" assertions="121" errors="0" failures="7" skipped="0" time="2.131685">
      <testsuite name="Tests\Unit\Services\CommandServiceTest" file="tests/Unit/Services/CommandServiceTest.php" tests="28" assertions="51" errors="0" failures="7" skipped="0" time="1.311780">
        <testcase name="`CommandService` → `executeLocalCommand` → it returns error on invalid JSON output" file="tests/Unit/Services/CommandServiceTest.php::`CommandService` → `executeLocalCommand` → it returns error on invalid JSON output" class="Tests\Unit\Services\CommandServiceTest" classname="Tests.Unit.Services.CommandServiceTest" assertions="2" time="0.078276"/>
        <testcase name="`CommandService` → `executeLocalCommand` → it passes timeout to process" file="tests/Unit/Services/CommandServiceTest.php::`CommandService` → `executeLocalCommand` → it passes timeout to process" class="Tests\Unit\Services\CommandServiceTest" classname="Tests.Unit.Services.CommandServiceTest" assertions="1" time="0.008439"/>
        <testcase name="`CommandService` → `isLocalCliInstalled` → it returns false when CLI path is not configured" file="tests/Unit/Services/CommandServiceTest.php::`CommandService` → `isLocalCliInstalled` → it returns false when CLI path is not configured" class="Tests\Unit\Services\CommandServiceTest" classname="Tests.Unit.Services.CommandServiceTest" assertions="1" time="0.011540">
          <failure type="PHPUnit\Framework\ExpectationFailedException">`CommandService` → `isLocalCliInstalled` → it returns false when CLI path is not configuredFailed asserting that true is false.
at tests/Unit/Services/CommandServiceTest.php:341</failure>
        </testcase>
        <testcase name="`CommandService` → `executeRawCommand` → `remote environment` → it returns error when CLI is not found on remote" file="tests/Unit/Services/CommandServiceTest.php::`CommandService` → `executeRawCommand` → `remote environment` → it returns error when CLI is not found on remote" class="Tests\Unit\Services\CommandServiceTest" classname="Tests.Unit.Services.CommandServiceTest" assertions="3" time="0.020071"/>
        <testcase name="`CommandService` → `executeRawCommand` → `local environment` → it returns error when CLI is not installed" file="tests/Unit/Services/CommandServiceTest.php::`CommandService` → `executeRawCommand` → `local environment` → it returns error when CLI is not installed" class="Tests\Unit\Services\CommandServiceTest" classname="Tests.Unit.Services.CommandServiceTest" assertions="2" time="0.225288">
          <failure type="PHPUnit\Framework\ExpectationFailedException">`CommandService` → `executeRawCommand` → `local environment` → it returns error when CLI is not installedFailed asserting that two strings are identical.
at tests/Unit/Services/CommandServiceTest.php:375</failure>
        </testcase>
        <testcase name="`CommandService` → `executeRawCommand` → `remote environment` → it executes command via SSH when CLI is found" file="tests/Unit/Services/CommandServiceTest.php::`CommandService` → `executeRawCommand` → `remote environment` → it executes command via SSH when CLI is found" class="Tests\Unit\Services\CommandServiceTest" classname="Tests.Unit.Services.CommandServiceTest" assertions="4" time="0.017858"/>
        <testcase name="`CommandService` → `findBinary` → it returns null when binary is not found" file="tests/Unit/Services/CommandServiceTest.php::`CommandService` → `findBinary` → it returns null when binary is not found" class="Tests\Unit\Services\CommandServiceTest" classname="Tests.Unit.Services.CommandServiceTest" assertions="2" time="0.008469"/>
        <testcase name="`CommandService` → `executeCommand` → it routes to executeLocalCommand for local environments" file="tests/Unit/Services/CommandServiceTest.php::`CommandService` → `executeCommand` → it routes to executeLocalCommand for local environments" class="Tests\Unit\Services\CommandServiceTest" classname="Tests.Unit.Services.CommandServiceTest" assertions="1" time="0.008501"/>
        <testcase name="`CommandService` → `executeLocalCommand` → it returns error when CLI path is not configured" file="tests/Unit/Services/CommandServiceTest.php::`CommandService` → `executeLocalCommand` → it returns error when CLI path is not configured" class="Tests\Unit\Services\CommandServiceTest" classname="Tests.Unit.Services.CommandServiceTest" assertions="1" time="0.407767">
          <failure type="PHPUnit\Framework\ExpectationFailedException">`CommandService` → `executeLocalCommand` → it returns error when CLI path is not configuredFailed asserting that true is false.
at tests/Unit/Services/CommandServiceTest.php:59</failure>
        </testcase>
        <testcase name="`CommandService` → `isLocalCliInstalled` → it returns false when CLI path does not exist" file="tests/Unit/Services/CommandServiceTest.php::`CommandService` → `isLocalCliInstalled` → it returns false when CLI path does not exist" class="Tests\Unit\Services\CommandServiceTest" classname="Tests.Unit.Services.CommandServiceTest" assertions="1" time="0.008090">
          <failure type="PHPUnit\Framework\ExpectationFailedException">`CommandService` → `isLocalCliInstalled` → it returns false when CLI path does not existFailed asserting that true is false.
at tests/Unit/Services/CommandServiceTest.php:347</failure>
        </testcase>
        <testcase name="`CommandService` → `executeRemoteCommand` → it returns error on SSH failure" file="tests/Unit/Services/CommandServiceTest.php::`CommandService` → `executeRemoteCommand` → it returns error on SSH failure" class="Tests\Unit\Services\CommandServiceTest" classname="Tests.Unit.Services.CommandServiceTest" assertions="4" time="0.008203"/>
        <testcase name="`CommandService` → `executeRemoteCommand` → it uses default path when cli_path is not configured" file="tests/Unit/Services/CommandServiceTest.php::`CommandService` → `executeRemoteCommand` → it uses default path when cli_path is not configured" class="Tests\Unit\Services\CommandServiceTest" classname="Tests.Unit.Services.CommandServiceTest" assertions="1" time="0.008135"/>
        <testcase name="`CommandService` → `executeLocalCommand` → it builds correct command with configured cli_path" file="tests/Unit/Services/CommandServiceTest.php::`CommandService` → `executeLocalCommand` → it builds correct command with configured cli_path" class="Tests\Unit\Services\CommandServiceTest" classname="Tests.Unit.Services.CommandServiceTest" assertions="1" time="0.007727"/>
        <testcase name="`CommandService` → `executeCommand` → it routes to executeRemoteCommand for remote environments" file="tests/Unit/Services/CommandServiceTest.php::`CommandService` → `executeCommand` → it routes to executeRemoteCommand for remote environments" class="Tests\Unit\Services\CommandServiceTest" classname="Tests.Unit.Services.CommandServiceTest" assertions="2" time="0.008200"/>
        <testcase name="`CommandService` → `executeRemoteCommand` → it returns data from successful SSH execution" file="tests/Unit/Services/CommandServiceTest.php::`CommandService` → `executeRemoteCommand` → it returns data from successful SSH execution" class="Tests\Unit\Services\CommandServiceTest" classname="Tests.Unit.Services.CommandServiceTest" assertions="2" time="0.007876"/>
        <testcase name="`CommandService` → `executeRawCommand` → `local environment` → it returns output on success" file="tests/Unit/Services/CommandServiceTest.php::`CommandService` → `executeRawCommand` → `local environment` → it returns output on success" class="Tests\Unit\Services\CommandServiceTest" classname="Tests.Unit.Services.CommandServiceTest" assertions="3" time="0.008285"/>
        <testcase name="`CommandService` → `executeLocalCommand` → it returns decoded JSON on success" file="tests/Unit/Services/CommandServiceTest.php::`CommandService` → `executeLocalCommand` → it returns decoded JSON on success" class="Tests\Unit\Services\CommandServiceTest" classname="Tests.Unit.Services.CommandServiceTest" assertions="1" time="0.008080"/>
        <testcase name="`CommandService` → `getLocalCliPath` → it returns configured CLI path" file="tests/Unit/Services/CommandServiceTest.php::`CommandService` → `getLocalCliPath` → it returns configured CLI path" class="Tests\Unit\Services\CommandServiceTest" classname="Tests.Unit.Services.CommandServiceTest" assertions="1" time="0.007872">
          <failure type="PHPUnit\Framework\ExpectationFailedException">`CommandService` → `getLocalCliPath` → it returns configured CLI pathFailed asserting that two strings are identical.
at tests/Unit/Services/CommandServiceTest.php:355</failure>
        </testcase>
        <testcase name="`CommandService` → `executeLocalCommand` → it returns stdout as error when stderr is empty" file="tests/Unit/Services/CommandServiceTest.php::`CommandService` → `executeLocalCommand` → it returns stdout as error when stderr is empty" class="Tests\Unit\Services\CommandServiceTest" classname="Tests.Unit.Services.CommandServiceTest" assertions="2" time="0.007854"/>
        <testcase name="`CommandService` → `getLocalCliPath` → it returns null when not configured" file="tests/Unit/Services/CommandServiceTest.php::`CommandService` → `getLocalCliPath` → it returns null when not configured" class="Tests\Unit\Services\CommandServiceTest" classname="Tests.Unit.Services.CommandServiceTest" assertions="1" time="0.007789">
          <failure type="PHPUnit\Framework\ExpectationFailedException">`CommandService` → `getLocalCliPath` → it returns null when not configuredFailed asserting that '/home/nckrtl/.local/bin/orbit' is null.
at tests/Unit/Services/CommandServiceTest.php:361</failure>
        </testcase>
        <testcase name="`CommandService` → `executeLocalCommand` → it returns error when CLI path does not exist" file="tests/Unit/Services/CommandServiceTest.php::`CommandService` → `executeLocalCommand` → it returns error when CLI path does not exist" class="Tests\Unit\Services\CommandServiceTest" classname="Tests.Unit.Services.CommandServiceTest" assertions="1" time="0.361977">
          <failure type="PHPUnit\Framework\ExpectationFailedException">`CommandService` → `executeLocalCommand` → it returns error when CLI path does not existFailed asserting that true is false.
at tests/Unit/Services/CommandServiceTest.php:69</failure>
        </testcase>
        <testcase name="`CommandService` → `isLocalCliInstalled` → it returns true when CLI path is configured and exists" file="tests/Unit/Services/CommandServiceTest.php::`CommandService` → `isLocalCliInstalled` → it returns true when CLI path is configured and exists" class="Tests\Unit\Services\CommandServiceTest" classname="Tests.Unit.Services.CommandServiceTest" assertions="1" time="0.021039"/>
        <testcase name="`CommandService` → `findBinary` → it trims whitespace from path" file="tests/Unit/Services/CommandServiceTest.php::`CommandService` → `findBinary` → it trims whitespace from path" class="Tests\Unit\Services\CommandServiceTest" classname="Tests.Unit.Services.CommandServiceTest" assertions="2" time="0.009508"/>
        <testcase name="`CommandService` → `executeRawCommand` → `local environment` → it returns error on failure" file="tests/Unit/Services/CommandServiceTest.php::`CommandService` → `executeRawCommand` → `local environment` → it returns error on failure" class="Tests\Unit\Services\CommandServiceTest" classname="Tests.Unit.Services.CommandServiceTest" assertions="2" time="0.008624"/>
        <testcase name="`CommandService` → `executeLocalCommand` → it returns error when command fails" file="tests/Unit/Services/CommandServiceTest.php::`CommandService` → `executeLocalCommand` → it returns error when command fails" class="Tests\Unit\Services\CommandServiceTest" classname="Tests.Unit.Services.CommandServiceTest" assertions="3" time="0.009054"/>
        <testcase name="`CommandService` → `executeRemoteCommand` → it uses configured cli_path when available" file="tests/Unit/Services/CommandServiceTest.php::`CommandService` → `executeRemoteCommand` → it uses configured cli_path when available" class="Tests\Unit\Services\CommandServiceTest" classname="Tests.Unit.Services.CommandServiceTest" assertions="1" time="0.008987"/>
        <testcase name="`CommandService` → `findBinary` → it returns path when binary is found" file="tests/Unit/Services/CommandServiceTest.php::`CommandService` → `findBinary` → it returns path when binary is found" class="Tests\Unit\Services\CommandServiceTest" classname="Tests.Unit.Services.CommandServiceTest" assertions="2" time="0.009293"/>
        <testcase name="`CommandService` → `executeLocalCommand` → it handles exceptions gracefully" file="tests/Unit/Services/CommandServiceTest.php::`CommandService` → `executeLocalCommand` → it handles exceptions gracefully" class="Tests\Unit\Services\CommandServiceTest" classname="Tests.Unit.Services.CommandServiceTest" assertions="3" time="0.008977"/>
      </testsuite>
      <testsuite name="Tests\Unit\Services\Deletion\DeletionPipelineTest" file="tests/Unit/Services/Deletion/DeletionPipelineTest.php" tests="14" assertions="32" errors="0" failures="0" skipped="0" time="0.246820">
        <testcase name="`DeletionPipeline` → it runs all steps in sequence" file="tests/Unit/Services/Deletion/DeletionPipelineTest.php::`DeletionPipeline` → it runs all steps in sequence" class="Tests\Unit\Services\Deletion\DeletionPipelineTest" classname="Tests.Unit.Services.Deletion.DeletionPipelineTest" assertions="2" time="0.122742"/>
        <testcase name="`DeletionPipeline` → it skips database deletion when keepDatabase is true" file="tests/Unit/Services/Deletion/DeletionPipelineTest.php::`DeletionPipeline` → it skips database deletion when keepDatabase is true" class="Tests\Unit\Services\Deletion\DeletionPipelineTest" classname="Tests.Unit.Services.Deletion.DeletionPipelineTest" assertions="1" time="0.014135"/>
        <testcase name="`DeletionContext` → it respects keepDatabase flag" file="tests/Unit/Services/Deletion/DeletionPipelineTest.php::`DeletionContext` → it respects keepDatabase flag" class="Tests\Unit\Services\Deletion\DeletionPipelineTest" classname="Tests.Unit.Services.Deletion.DeletionPipelineTest" assertions="1" time="0.008987"/>
        <testcase name="`DeletionContext` → it loads database config from env file" file="tests/Unit/Services/Deletion/DeletionPipelineTest.php::`DeletionContext` → it loads database config from env file" class="Tests\Unit\Services\Deletion\DeletionPipelineTest" classname="Tests.Unit.Services.Deletion.DeletionPipelineTest" assertions="2" time="0.008711"/>
        <testcase name="`DropPostgresDatabase` → it skips when not using postgres" file="tests/Unit/Services/Deletion/DeletionPipelineTest.php::`DropPostgresDatabase` → it skips when not using postgres" class="Tests\Unit\Services\Deletion\DeletionPipelineTest" classname="Tests.Unit.Services.Deletion.DeletionPipelineTest" assertions="2" time="0.008895"/>
        <testcase name="`DropPostgresDatabase` → it skips when no database connection configured" file="tests/Unit/Services/Deletion/DeletionPipelineTest.php::`DropPostgresDatabase` → it skips when no database connection configured" class="Tests\Unit\Services\Deletion\DeletionPipelineTest" classname="Tests.Unit.Services.Deletion.DeletionPipelineTest" assertions="2" time="0.008439"/>
        <testcase name="`DeletionContext` → it creates context from project model" file="tests/Unit/Services/Deletion/DeletionPipelineTest.php::`DeletionContext` → it creates context from project model" class="Tests\Unit\Services\Deletion\DeletionPipelineTest" classname="Tests.Unit.Services.Deletion.DeletionPipelineTest" assertions="6" time="0.008558"/>
        <testcase name="`DeleteProjectFiles` → it succeeds when no project path specified" file="tests/Unit/Services/Deletion/DeletionPipelineTest.php::`DeleteProjectFiles` → it succeeds when no project path specified" class="Tests\Unit\Services\Deletion\DeletionPipelineTest" classname="Tests.Unit.Services.Deletion.DeletionPipelineTest" assertions="2" time="0.008204"/>
        <testcase name="`DeletionContext` → it detects postgres connections correctly" file="tests/Unit/Services/Deletion/DeletionPipelineTest.php::`DeletionContext` → it detects postgres connections correctly" class="Tests\Unit\Services\Deletion\DeletionPipelineTest" classname="Tests.Unit.Services.Deletion.DeletionPipelineTest" assertions="4" time="0.008520"/>
        <testcase name="`DeletionLogger` → it implements ProvisionLoggerContract" file="tests/Unit/Services/Deletion/DeletionPipelineTest.php::`DeletionLogger` → it implements ProvisionLoggerContract" class="Tests\Unit\Services\Deletion\DeletionPipelineTest" classname="Tests.Unit.Services.Deletion.DeletionPipelineTest" assertions="3" time="0.008410"/>
        <testcase name="`DeletionContext` → it uses slug as database name when not in env" file="tests/Unit/Services/Deletion/DeletionPipelineTest.php::`DeletionContext` → it uses slug as database name when not in env" class="Tests\Unit\Services\Deletion\DeletionPipelineTest" classname="Tests.Unit.Services.Deletion.DeletionPipelineTest" assertions="1" time="0.010453"/>
        <testcase name="`DeleteProjectFiles` → it deletes project directory successfully" file="tests/Unit/Services/Deletion/DeletionPipelineTest.php::`DeleteProjectFiles` → it deletes project directory successfully" class="Tests\Unit\Services\Deletion\DeletionPipelineTest" classname="Tests.Unit.Services.Deletion.DeletionPipelineTest" assertions="2" time="0.013447"/>
        <testcase name="`DropPostgresDatabase` → it skips when no database name" file="tests/Unit/Services/Deletion/DeletionPipelineTest.php::`DropPostgresDatabase` → it skips when no database name" class="Tests\Unit\Services\Deletion\DeletionPipelineTest" classname="Tests.Unit.Services.Deletion.DeletionPipelineTest" assertions="2" time="0.008685"/>
        <testcase name="`DeleteProjectFiles` → it succeeds when directory does not exist" file="tests/Unit/Services/Deletion/DeletionPipelineTest.php::`DeleteProjectFiles` → it succeeds when directory does not exist" class="Tests\Unit\Services\Deletion\DeletionPipelineTest" classname="Tests.Unit.Services.Deletion.DeletionPipelineTest" assertions="2" time="0.008633"/>
      </testsuite>
      <testsuite name="Tests\Unit\Jobs\DeleteProjectJobTest" file="tests/Unit/Jobs/DeleteProjectJobTest.php" tests="6" assertions="7" errors="0" failures="0" skipped="0" time="0.120450">
        <testcase name="`DeleteProjectJob` → `tags` → it returns correct horizon tags" file="tests/Unit/Jobs/DeleteProjectJobTest.php::`DeleteProjectJob` → `tags` → it returns correct horizon tags" class="Tests\Unit\Jobs\DeleteProjectJobTest" classname="Tests.Unit.Jobs.DeleteProjectJobTest" assertions="1" time="0.073975"/>
        <testcase name="`DeleteProjectJob` → `job configuration` → it has 1 try (no retries)" file="tests/Unit/Jobs/DeleteProjectJobTest.php::`DeleteProjectJob` → `job configuration` → it has 1 try (no retries)" class="Tests\Unit\Jobs\DeleteProjectJobTest" classname="Tests.Unit.Jobs.DeleteProjectJobTest" assertions="1" time="0.010783"/>
        <testcase name="`DeleteProjectJob` → `constructor` → it can set keepDatabase to true" file="tests/Unit/Jobs/DeleteProjectJobTest.php::`DeleteProjectJob` → `constructor` → it can set keepDatabase to true" class="Tests\Unit\Jobs\DeleteProjectJobTest" classname="Tests.Unit.Jobs.DeleteProjectJobTest" assertions="1" time="0.009295"/>
        <testcase name="`DeleteProjectJob` → `constructor` → it accepts projectId and keepDatabase" file="tests/Unit/Jobs/DeleteProjectJobTest.php::`DeleteProjectJob` → `constructor` → it accepts projectId and keepDatabase" class="Tests\Unit\Jobs\DeleteProjectJobTest" classname="Tests.Unit.Jobs.DeleteProjectJobTest" assertions="2" time="0.008976"/>
        <testcase name="`DeleteProjectJob` → `constructor` → it defaults keepDatabase to false" file="tests/Unit/Jobs/DeleteProjectJobTest.php::`DeleteProjectJob` → `constructor` → it defaults keepDatabase to false" class="Tests\Unit\Jobs\DeleteProjectJobTest" classname="Tests.Unit.Jobs.DeleteProjectJobTest" assertions="1" time="0.008633"/>
        <testcase name="`DeleteProjectJob` → `job configuration` → it has 120 second timeout" file="tests/Unit/Jobs/DeleteProjectJobTest.php::`DeleteProjectJob` → `job configuration` → it has 120 second timeout" class="Tests\Unit\Jobs\DeleteProjectJobTest" classname="Tests.Unit.Jobs.DeleteProjectJobTest" assertions="1" time="0.008788"/>
      </testsuite>
      <testsuite name="Tests\ArchTest" file="tests/ArchTest.php" tests="1" assertions="3" errors="0" failures="0" skipped="0" time="0.322498">
        <testcase name="it will not use debugging functions" file="tests/ArchTest.php::it will not use debugging functions" class="Tests\ArchTest" classname="Tests.ArchTest" assertions="3" time="0.322498"/>
      </testsuite>
      <testsuite name="Tests\ExampleTest" file="tests/ExampleTest.php" tests="1" assertions="1" errors="0" failures="0" skipped="0" time="0.011018">
        <testcase name="it can test" file="tests/ExampleTest.php::it can test" class="Tests\ExampleTest" classname="Tests.ExampleTest" assertions="1" time="0.011018"/>
      </testsuite>
      <testsuite name="Tests\Unit\Services\Provision\ProvisionActionsTest" file="tests/Unit/Services/Provision/ProvisionActionsTest.php" tests="3" assertions="7" errors="0" failures="0" skipped="0" time="0.027513">
        <testcase name="`SetPhpVersion` → it uses default version when not specified" file="tests/Unit/Services/Provision/ProvisionActionsTest.php::`SetPhpVersion` → it uses default version when not specified" class="Tests\Unit\Services\Provision\ProvisionActionsTest" classname="Tests.Unit.Services.Provision.ProvisionActionsTest" assertions="2" time="0.010302"/>
        <testcase name="`SetPhpVersion` → it overwrites existing .php-version file" file="tests/Unit/Services/Provision/ProvisionActionsTest.php::`SetPhpVersion` → it overwrites existing .php-version file" class="Tests\Unit\Services\Provision\ProvisionActionsTest" classname="Tests.Unit.Services.Provision.ProvisionActionsTest" assertions="2" time="0.008715"/>
        <testcase name="`SetPhpVersion` → it writes .php-version file with specified version" file="tests/Unit/Services/Provision/ProvisionActionsTest.php::`SetPhpVersion` → it writes .php-version file with specified version" class="Tests\Unit\Services\Provision\ProvisionActionsTest" classname="Tests.Unit.Services.Provision.ProvisionActionsTest" assertions="3" time="0.008496"/>
      </testsuite>
      <testsuite name="Tests\Unit\Jobs\CreateProjectJobTest" file="tests/Unit/Jobs/CreateProjectJobTest.php" tests="10" assertions="20" errors="0" failures="0" skipped="0" time="0.091606">
        <testcase name="`CreateProjectJob` → `tags` → it returns correct horizon tags" file="tests/Unit/Jobs/CreateProjectJobTest.php::`CreateProjectJob` → `tags` → it returns correct horizon tags" class="Tests\Unit\Jobs\CreateProjectJobTest" classname="Tests.Unit.Jobs.CreateProjectJobTest" assertions="1" time="0.016062"/>
        <testcase name="`CreateProjectJob` → `context building` → it uses environment TLD" file="tests/Unit/Jobs/CreateProjectJobTest.php::`CreateProjectJob` → `context building` → it uses environment TLD" class="Tests\Unit\Jobs\CreateProjectJobTest" classname="Tests.Unit.Jobs.CreateProjectJobTest" assertions="1" time="0.008537"/>
        <testcase name="`CreateProjectJob` → `constructor` → it generates slug from name option" file="tests/Unit/Jobs/CreateProjectJobTest.php::`CreateProjectJob` → `constructor` → it generates slug from name option" class="Tests\Unit\Jobs\CreateProjectJobTest" classname="Tests.Unit.Jobs.CreateProjectJobTest" assertions="1" time="0.008208"/>
        <testcase name="`CreateProjectJob` → `project type detection` → it detects laravel-package correctly" file="tests/Unit/Jobs/CreateProjectJobTest.php::`CreateProjectJob` → `project type detection` → it detects laravel-package correctly" class="Tests\Unit\Jobs\CreateProjectJobTest" classname="Tests.Unit.Jobs.CreateProjectJobTest" assertions="1" time="0.008543"/>
        <testcase name="`CreateProjectJob` → `job configuration` → it has 1 try (no retries)" file="tests/Unit/Jobs/CreateProjectJobTest.php::`CreateProjectJob` → `job configuration` → it has 1 try (no retries)" class="Tests\Unit\Jobs\CreateProjectJobTest" classname="Tests.Unit.Jobs.CreateProjectJobTest" assertions="1" time="0.008300"/>
        <testcase name="`CreateProjectJob` → `job configuration` → it has 600 second timeout" file="tests/Unit/Jobs/CreateProjectJobTest.php::`CreateProjectJob` → `job configuration` → it has 600 second timeout" class="Tests\Unit\Jobs\CreateProjectJobTest" classname="Tests.Unit.Jobs.CreateProjectJobTest" assertions="1" time="0.008288"/>
        <testcase name="`CreateProjectJob` → `project type detection` → it detects cli app correctly" file="tests/Unit/Jobs/CreateProjectJobTest.php::`CreateProjectJob` → `project type detection` → it detects cli app correctly" class="Tests\Unit\Jobs\CreateProjectJobTest" classname="Tests.Unit.Jobs.CreateProjectJobTest" assertions="1" time="0.008329"/>
        <testcase name="`CreateProjectJob` → `context building` → it handles clone URL correctly" file="tests/Unit/Jobs/CreateProjectJobTest.php::`CreateProjectJob` → `context building` → it handles clone URL correctly" class="Tests\Unit\Jobs\CreateProjectJobTest" classname="Tests.Unit.Jobs.CreateProjectJobTest" assertions="2" time="0.008846"/>
        <testcase name="`CreateProjectJob` → `context building` → it builds context with correct options" file="tests/Unit/Jobs/CreateProjectJobTest.php::`CreateProjectJob` → `context building` → it builds context with correct options" class="Tests\Unit\Jobs\CreateProjectJobTest" classname="Tests.Unit.Jobs.CreateProjectJobTest" assertions="10" time="0.008208"/>
        <testcase name="`CreateProjectJob` → `project type detection` → it detects laravel-app correctly" file="tests/Unit/Jobs/CreateProjectJobTest.php::`CreateProjectJob` → `project type detection` → it detects laravel-app correctly" class="Tests\Unit\Jobs\CreateProjectJobTest" classname="Tests.Unit.Jobs.CreateProjectJobTest" assertions="1" time="0.008284"/>
      </testsuite>
    </testsuite>
  </testsuite>
</testsuites>
